<?xml version="1.0" encoding="UTF-8"?>
<!-- Generated by org.testng.reporters.JUnitReportReporter -->
<testsuite hostname="Yasin" failures="0" tests="1" name="testcases.test4" time="7.424" errors="0" timestamp="2023-12-22T22:52:51 IST" skipped="0">
  <testcase classname="testcases.test4" name="testfour" time="7.424"/>
  <system-out/>
</testsuite> <!-- testcases.test4 -->
