<?xml version="1.0" encoding="UTF-8"?>
<!-- Generated by org.testng.reporters.JUnitReportReporter -->
<testsuite hostname="Yasin" failures="0" tests="1" name="testcases.LoginTestCase" time="5.941" errors="0" timestamp="2023-12-22T22:52:51 IST" skipped="0">
  <testcase classname="testcases.LoginTestCase" name="Login" time="5.941"/>
  <system-out/>
</testsuite> <!-- testcases.LoginTestCase -->
